-
-
-
=============LOGIN DETAILS FOR BEAUTYSHOP=========================
A merchant-Beautyshop has been added to CrawlFish db and enlisted in CrawlFish part-1 db on 2013May14
The following login details has been created for this vendor,
+--------------------------------------------
|AT         : 2013May14-12:24AM
|Login Name : cfbctx136
|Password   : kvho3vwm
+--------------------------------------------
+--------------------------------------------
|Login Type        : Admin
|Monetization Type : Fixed
|City Name         : Chennai
|Branch Name       : Tnagar
|Part-1 Table Name : local_chennai_tnagar_beautyshop_products
|Business Type     : Local
|Vendor Id         : 136
+--------------------------------------------
====================================================================
